Arguments: 
  /usr/bin/node /usr/share/yarn/bin/yarn.js

PATH: 
  /home/intlsy/下载/cocos2d-x-3.17/templates:/home/intlsy/下载:/home/intlsy/下载/cocos2d-x-3.17/tools/cocos2d-console/bin:/home/intlsy/.local/bin:/usr/local/sbin:/usr/local/bin:/usr/sbin:/usr/bin:/sbin:/bin:/usr/games:/usr/local/games:/snap/bin

Yarn version: 
  1.12.3

Node version: 
  8.11.4

Platform: 
  linux x64

Trace: 
  Error: https://registry.yarnpkg.com/lessc: Not found
      at Request.params.callback [as _callback] (/usr/share/yarn/lib/cli.js:65894:18)
      at Request.self.callback (/usr/share/yarn/lib/cli.js:129018:22)
      at emitTwo (events.js:126:13)
      at Request.emit (events.js:214:7)
      at Request.<anonymous> (/usr/share/yarn/lib/cli.js:129990:10)
      at emitOne (events.js:116:13)
      at Request.emit (events.js:211:7)
      at IncomingMessage.<anonymous> (/usr/share/yarn/lib/cli.js:129912:12)
      at Object.onceWrapper (events.js:313:30)
      at emitNone (events.js:111:20)

npm manifest: 
  {
    "name": "font-awesome",
    "description": "The iconic font designed for Bootstrap",
    "version": "3.2.1",
    "keywords": ["font", "awesome", "fontawesome", "icon", "font", "bootstrap"],
    "homepage": "http://fontawesome.io/",
    "author": {
      "name": "Dave Gandy",
      "email": "dave@fontawesome.io",
      "web": "http://twitter.com/byscuits"
    },
    "repository": {
      "type": "git",
      "url": "https://github.com/FortAwesome/Font-Awesome.git"
    },
    "contributors": [
      {
        "name": "Rob Madole",
        "web": "http://twitter.com/robmadole"
      },
      {
        "name": "Geremia Taglialatela",
        "web": "http://twitter.com/gtagliala"
      },
      {
        "name": "Travis Chase",
        "web": "http://twitter.com/supercodepoet"
      }
    ],
    "licenses": [
      {
        "type": "SIL OFL 1.1",
        "url": "http://scripts.sil.org/OFL"
      },
      {
        "type": "MIT License",
        "url": "http://opensource.org/licenses/mit-license.html"
      }
    ],
    "dependencies": {
      "jekyll": "1.0.2",
      "lessc": "1.3.3"
    }
  }

yarn manifest: 
  No manifest

Lockfile: 
  No lockfile
